# JRE version: OpenJDK Runtime Environment (15.0.1+9) (build 15.0.1+9-18)
# Java VM: OpenJDK 64-Bit Server VM (15.0.1+9-18, mixed mode, sharing, tiered, compressed oops, g1 gc, windows-amd64)
GC Precious Log:
 CPUs: 12 total, 12 available
 Memory: 16339M
 Large Page Support: Disabled
 NUMA Support: Disabled
 Compressed Oops: Enabled (Zero based)
 Heap Region Size: 2M
 Heap Min Capacity: 8M
 Heap Initial Capacity: 256M
 Heap Max Capacity: 4086M
 Pre-touch: Disabled
 Parallel Workers: 10
 Concurrent Workers: 3
 Concurrent Refinement Workers: 10
 Periodic GC: Disabled
Heap:
 garbage-first heap   total 620544K, used 357630K [0x0000000700a00000, 0x0000000800000000)
  region size 2048K, 68 young (139264K), 2 survivors (4096K)
 Metaspace       used 45826K, capacity 46297K, committed 46512K, reserved 1089536K
  class space    used 5615K, capacity 5766K, committed 5888K, reserved 1048576K
GC Heap History (20 events):
Event: 31.929 GC heap before
{Heap before GC invocations=26 (full 0):
 garbage-first heap   total 120832K, used 103976K [0x0000000700a00000, 0x0000000800000000)
  region size 2048K, 2 young (4096K), 1 survivors (2048K)
 Metaspace       used 45296K, capacity 45753K, committed 45872K, reserved 1089536K
  class space    used 5595K, capacity 5734K, committed 5760K, reserved 1048576K
}
Event: 31.931 GC heap after
{Heap after GC invocations=27 (full 0):
 garbage-first heap   total 120832K, used 103628K [0x0000000700a00000, 0x0000000800000000)
  region size 2048K, 1 young (2048K), 1 survivors (2048K)
 Metaspace       used 45296K, capacity 45753K, committed 45872K, reserved 1089536K
  class space    used 5595K, capacity 5734K, committed 5760K, reserved 1048576K
}
Event: 31.939 GC heap before
{Heap before GC invocations=27 (full 0):
 garbage-first heap   total 120832K, used 105676K [0x0000000700a00000, 0x0000000800000000)
  region size 2048K, 2 young (4096K), 1 survivors (2048K)
 Metaspace       used 45296K, capacity 45753K, committed 45872K, reserved 1089536K
  class space    used 5595K, capacity 5734K, committed 5760K, reserved 1048576K
}
Event: 31.941 GC heap after
{Heap after GC invocations=28 (full 0):
 garbage-first heap   total 260096K, used 105222K [0x0000000700a00000, 0x0000000800000000)
  region size 2048K, 1 young (2048K), 1 survivors (2048K)
 Metaspace       used 45296K, capacity 45753K, committed 45872K, reserved 1089536K
  class space    used 5595K, capacity 5734K, committed 5760K, reserved 1048576K
}
Event: 32.177 GC heap before
{Heap before GC invocations=29 (full 0):
 garbage-first heap   total 260096K, used 156422K [0x0000000700a00000, 0x0000000800000000)
  region size 2048K, 26 young (53248K), 1 survivors (2048K)
 Metaspace       used 45426K, capacity 45881K, committed 46128K, reserved 1089536K
  class space    used 5595K, capacity 5734K, committed 5760K, reserved 1048576K
}
Event: 32.193 GC heap after
{Heap after GC invocations=30 (full 0):
 garbage-first heap   total 260096K, used 136156K [0x0000000700a00000, 0x0000000800000000)
  region size 2048K, 4 young (8192K), 4 survivors (8192K)
 Metaspace       used 45426K, capacity 45881K, committed 46128K, reserved 1089536K
  class space    used 5595K, capacity 5734K, committed 5760K, reserved 1048576K
}
Event: 36.834 GC heap before
{Heap before GC invocations=30 (full 0):
 garbage-first heap   total 260096K, used 173020K [0x0000000700a00000, 0x0000000800000000)
  region size 2048K, 22 young (45056K), 4 survivors (8192K)
 Metaspace       used 45435K, capacity 45881K, committed 46128K, reserved 1089536K
  class space    used 5595K, capacity 5734K, committed 5760K, reserved 1048576K
}
Event: 36.838 GC heap after
{Heap after GC invocations=31 (full 0):
 garbage-first heap   total 260096K, used 140287K [0x0000000700a00000, 0x0000000800000000)
  region size 2048K, 1 young (2048K), 1 survivors (2048K)
 Metaspace       used 45435K, capacity 45881K, committed 46128K, reserved 1089536K
  class space    used 5595K, capacity 5734K, committed 5760K, reserved 1048576K
}
Event: 39.866 GC heap before
{Heap before GC invocations=32 (full 0):
 garbage-first heap   total 260096K, used 179199K [0x0000000700a00000, 0x0000000800000000)
  region size 2048K, 20 young (40960K), 1 survivors (2048K)
 Metaspace       used 45436K, capacity 45881K, committed 46128K, reserved 1089536K
  class space    used 5595K, capacity 5734K, committed 5760K, reserved 1048576K
}
Event: 39.878 GC heap after
{Heap after GC invocations=33 (full 0):
 garbage-first heap   total 260096K, used 158445K [0x0000000700a00000, 0x0000000800000000)
  region size 2048K, 3 young (6144K), 3 survivors (6144K)
 Metaspace       used 45436K, capacity 45881K, committed 46128K, reserved 1089536K
  class space    used 5595K, capacity 5734K, committed 5760K, reserved 1048576K
}
Event: 39.937 GC heap before
{Heap before GC invocations=33 (full 0):
 garbage-first heap   total 260096K, used 189165K [0x0000000700a00000, 0x0000000800000000)
  region size 2048K, 18 young (36864K), 3 survivors (6144K)
 Metaspace       used 45436K, capacity 45881K, committed 46128K, reserved 1089536K
  class space    used 5595K, capacity 5734K, committed 5760K, reserved 1048576K
}
Event: 39.956 GC heap after
{Heap after GC invocations=34 (full 0):
 garbage-first heap   total 260096K, used 182311K [0x0000000700a00000, 0x0000000800000000)
  region size 2048K, 3 young (6144K), 3 survivors (6144K)
 Metaspace       used 45436K, capacity 45881K, committed 46128K, reserved 1089536K
  class space    used 5595K, capacity 5734K, committed 5760K, reserved 1048576K
}
Event: 40.001 GC heap before
{Heap before GC invocations=34 (full 0):
 garbage-first heap   total 260096K, used 200743K [0x0000000700a00000, 0x0000000800000000)
  region size 2048K, 12 young (24576K), 3 survivors (6144K)
 Metaspace       used 45436K, capacity 45881K, committed 46128K, reserved 1089536K
  class space    used 5595K, capacity 5734K, committed 5760K, reserved 1048576K
}
Event: 40.016 GC heap after
{Heap after GC invocations=35 (full 0):
 garbage-first heap   total 620544K, used 197822K [0x0000000700a00000, 0x0000000800000000)
  region size 2048K, 2 young (4096K), 2 survivors (4096K)
 Metaspace       used 45436K, capacity 45881K, committed 46128K, reserved 1089536K
  class space    used 5595K, capacity 5734K, committed 5760K, reserved 1048576K
}
Event: 47.957 GC heap before
{Heap before GC invocations=36 (full 0):
 garbage-first heap   total 620544K, used 351422K [0x0000000700a00000, 0x0000000800000000)
  region size 2048K, 77 young (157696K), 2 survivors (4096K)
 Metaspace       used 45449K, capacity 45881K, committed 46128K, reserved 1089536K
  class space    used 5595K, capacity 5734K, committed 5760K, reserved 1048576K
}
Event: 47.987 GC heap after
{Heap after GC invocations=37 (full 0):
 garbage-first heap   total 620544K, used 272550K [0x0000000700a00000, 0x0000000800000000)
  region size 2048K, 10 young (20480K), 10 survivors (20480K)
 Metaspace       used 45449K, capacity 45881K, committed 46128K, reserved 1089536K
  class space    used 5595K, capacity 5734K, committed 5760K, reserved 1048576K
}
Event: 48.002 GC heap before
{Heap before GC invocations=37 (full 0):
 garbage-first heap   total 620544K, used 282790K [0x0000000700a00000, 0x0000000800000000)
  region size 2048K, 15 young (30720K), 10 survivors (20480K)
 Metaspace       used 45449K, capacity 45881K, committed 46128K, reserved 1089536K
  class space    used 5595K, capacity 5734K, committed 5760K, reserved 1048576K
}
Event: 48.019 GC heap after
{Heap after GC invocations=38 (full 0):
 garbage-first heap   total 620544K, used 224379K [0x0000000700a00000, 0x0000000800000000)
  region size 2048K, 2 young (4096K), 2 survivors (4096K)
 Metaspace       used 45449K, capacity 45881K, committed 46128K, reserved 1089536K
  class space    used 5595K, capacity 5734K, committed 5760K, reserved 1048576K
}
Event: 48.050 GC heap before
{Heap before GC invocations=38 (full 0):
 garbage-first heap   total 620544K, used 251003K [0x0000000700a00000, 0x0000000800000000)
  region size 2048K, 15 young (30720K), 2 survivors (4096K)
 Metaspace       used 45449K, capacity 45881K, committed 46128K, reserved 1089536K
  class space    used 5595K, capacity 5734K, committed 5760K, reserved 1048576K
}
Event: 48.072 GC heap after
{Heap after GC invocations=39 (full 0):
 garbage-first heap   total 620544K, used 214270K [0x0000000700a00000, 0x0000000800000000)
  region size 2048K, 2 young (4096K), 2 survivors (4096K)
 Metaspace       used 45449K, capacity 45881K, committed 46128K, reserved 1089536K
  class space    used 5595K, capacity 5734K, committed 5760K, reserved 1048576K
}

